mode: set
github.com/felipe88alves/sortKeyHttpServer/service.go:49.91,54.16 4 1
github.com/felipe88alves/sortKeyHttpServer/service.go:57.2,60.8 1 1
github.com/felipe88alves/sortKeyHttpServer/service.go:54.16,56.3 1 0
github.com/felipe88alves/sortKeyHttpServer/service.go:63.90,66.16 3 1
github.com/felipe88alves/sortKeyHttpServer/service.go:69.2,71.16 3 1
github.com/felipe88alves/sortKeyHttpServer/service.go:76.2,76.27 1 1
github.com/felipe88alves/sortKeyHttpServer/service.go:66.16,68.3 1 0
github.com/felipe88alves/sortKeyHttpServer/service.go:71.16,73.3 1 0
github.com/felipe88alves/sortKeyHttpServer/service.go:73.8,73.28 1 1
github.com/felipe88alves/sortKeyHttpServer/service.go:73.28,75.3 1 1
github.com/felipe88alves/sortKeyHttpServer/service.go:77.25,78.71 1 1
github.com/felipe88alves/sortKeyHttpServer/service.go:79.25,80.53 1 1
github.com/felipe88alves/sortKeyHttpServer/service.go:81.10,82.101 1 1
github.com/felipe88alves/sortKeyHttpServer/service.go:86.54,88.24 1 1
github.com/felipe88alves/sortKeyHttpServer/service.go:89.25,90.24 1 1
github.com/felipe88alves/sortKeyHttpServer/service.go:91.25,93.24 2 1
github.com/felipe88alves/sortKeyHttpServer/service.go:94.10,97.27 2 1
github.com/felipe88alves/sortKeyHttpServer/service.go:101.75,103.26 1 1
github.com/felipe88alves/sortKeyHttpServer/service.go:106.2,106.24 1 1
github.com/felipe88alves/sortKeyHttpServer/service.go:114.2,114.28 1 1
github.com/felipe88alves/sortKeyHttpServer/service.go:103.26,105.3 1 1
github.com/felipe88alves/sortKeyHttpServer/service.go:107.25,108.41 1 1
github.com/felipe88alves/sortKeyHttpServer/service.go:109.25,110.41 1 1
github.com/felipe88alves/sortKeyHttpServer/service.go:111.10,112.76 1 1
github.com/felipe88alves/sortKeyHttpServer/service.go:117.149,121.29 3 1
github.com/felipe88alves/sortKeyHttpServer/service.go:161.2,161.29 1 1
github.com/felipe88alves/sortKeyHttpServer/service.go:164.2,164.22 1 1
github.com/felipe88alves/sortKeyHttpServer/service.go:121.29,124.17 3 1
github.com/felipe88alves/sortKeyHttpServer/service.go:127.3,129.17 3 1
github.com/felipe88alves/sortKeyHttpServer/service.go:133.3,136.32 3 1
github.com/felipe88alves/sortKeyHttpServer/service.go:141.3,141.13 1 1
github.com/felipe88alves/sortKeyHttpServer/service.go:146.3,146.28 1 1
github.com/felipe88alves/sortKeyHttpServer/service.go:124.17,126.4 1 0
github.com/felipe88alves/sortKeyHttpServer/service.go:129.17,131.4 1 1
github.com/felipe88alves/sortKeyHttpServer/service.go:136.32,139.4 2 1
github.com/felipe88alves/sortKeyHttpServer/service.go:141.13,144.4 2 1
github.com/felipe88alves/sortKeyHttpServer/service.go:146.28,147.32 1 1
github.com/felipe88alves/sortKeyHttpServer/service.go:148.15,150.15 2 1
github.com/felipe88alves/sortKeyHttpServer/service.go:151.22,152.17 1 1
github.com/felipe88alves/sortKeyHttpServer/service.go:155.12,157.15 2 0
github.com/felipe88alves/sortKeyHttpServer/service.go:152.17,154.6 1 1
github.com/felipe88alves/sortKeyHttpServer/service.go:161.29,163.3 1 1
github.com/felipe88alves/sortKeyHttpServer/service.go:167.85,176.41 3 1
github.com/felipe88alves/sortKeyHttpServer/service.go:188.2,188.14 1 1
github.com/felipe88alves/sortKeyHttpServer/service.go:192.2,193.15 2 1
github.com/felipe88alves/sortKeyHttpServer/service.go:198.2,201.16 4 1
github.com/felipe88alves/sortKeyHttpServer/service.go:176.41,177.38 1 1
github.com/felipe88alves/sortKeyHttpServer/service.go:177.38,179.18 2 1
github.com/felipe88alves/sortKeyHttpServer/service.go:184.4,185.20 2 1
github.com/felipe88alves/sortKeyHttpServer/service.go:179.18,182.13 3 1
github.com/felipe88alves/sortKeyHttpServer/service.go:188.14,191.3 2 1
github.com/felipe88alves/sortKeyHttpServer/service.go:193.15,196.3 2 0
github.com/felipe88alves/sortKeyHttpServer/service.go:204.115,205.21 1 1
github.com/felipe88alves/sortKeyHttpServer/service.go:208.2,210.29 2 1
github.com/felipe88alves/sortKeyHttpServer/service.go:224.2,224.29 1 1
github.com/felipe88alves/sortKeyHttpServer/service.go:228.2,228.22 1 1
github.com/felipe88alves/sortKeyHttpServer/service.go:205.21,207.3 1 1
github.com/felipe88alves/sortKeyHttpServer/service.go:210.29,213.17 3 1
github.com/felipe88alves/sortKeyHttpServer/service.go:216.3,217.69 2 1
github.com/felipe88alves/sortKeyHttpServer/service.go:222.3,222.66 1 1
github.com/felipe88alves/sortKeyHttpServer/service.go:213.17,215.4 1 0
github.com/felipe88alves/sortKeyHttpServer/service.go:217.69,220.12 2 1
github.com/felipe88alves/sortKeyHttpServer/service.go:224.29,226.3 1 1
github.com/felipe88alves/sortKeyHttpServer/service.go:231.52,233.27 2 1
github.com/felipe88alves/sortKeyHttpServer/service.go:238.2,238.29 1 1
github.com/felipe88alves/sortKeyHttpServer/service.go:241.2,241.27 1 1
github.com/felipe88alves/sortKeyHttpServer/service.go:233.27,234.69 1 1
github.com/felipe88alves/sortKeyHttpServer/service.go:234.69,236.4 1 1
github.com/felipe88alves/sortKeyHttpServer/service.go:238.29,240.3 1 1
github.com/felipe88alves/sortKeyHttpServer/service.go:244.48,246.2 1 1
github.com/felipe88alves/sortKeyHttpServer/service.go:248.48,250.2 1 1
github.com/felipe88alves/sortKeyHttpServer/types.go:11.39,13.22 2 1
github.com/felipe88alves/sortKeyHttpServer/types.go:16.2,16.30 1 1
github.com/felipe88alves/sortKeyHttpServer/types.go:13.22,15.3 1 1
github.com/felipe88alves/sortKeyHttpServer/api.go:25.43,29.2 1 1
github.com/felipe88alves/sortKeyHttpServer/api.go:33.50,34.54 1 0
github.com/felipe88alves/sortKeyHttpServer/api.go:34.54,35.33 1 0
github.com/felipe88alves/sortKeyHttpServer/api.go:35.33,36.35 1 0
github.com/felipe88alves/sortKeyHttpServer/api.go:40.4,40.116 1 0
github.com/felipe88alves/sortKeyHttpServer/api.go:36.35,39.5 2 0
github.com/felipe88alves/sortKeyHttpServer/api.go:45.52,49.2 3 0
github.com/felipe88alves/sortKeyHttpServer/api.go:51.82,52.23 1 1
github.com/felipe88alves/sortKeyHttpServer/api.go:55.2,56.16 2 1
github.com/felipe88alves/sortKeyHttpServer/api.go:64.2,64.18 1 1
github.com/felipe88alves/sortKeyHttpServer/api.go:52.23,54.3 1 1
github.com/felipe88alves/sortKeyHttpServer/api.go:56.16,57.80 1 1
github.com/felipe88alves/sortKeyHttpServer/api.go:57.80,59.4 1 1
github.com/felipe88alves/sortKeyHttpServer/api.go:59.9,61.4 1 0
github.com/felipe88alves/sortKeyHttpServer/api.go:65.22,72.13 3 1
github.com/felipe88alves/sortKeyHttpServer/api.go:74.10,75.106 1 0
github.com/felipe88alves/sortKeyHttpServer/api.go:79.81,81.59 2 1
github.com/felipe88alves/sortKeyHttpServer/api.go:84.2,85.59 2 1
github.com/felipe88alves/sortKeyHttpServer/api.go:89.2,90.16 2 1
github.com/felipe88alves/sortKeyHttpServer/api.go:98.2,98.18 1 1
github.com/felipe88alves/sortKeyHttpServer/api.go:81.59,83.3 1 1
github.com/felipe88alves/sortKeyHttpServer/api.go:85.59,87.3 1 1
github.com/felipe88alves/sortKeyHttpServer/api.go:90.16,91.80 1 0
github.com/felipe88alves/sortKeyHttpServer/api.go:91.80,93.4 1 0
github.com/felipe88alves/sortKeyHttpServer/api.go:93.9,95.4 1 0
github.com/felipe88alves/sortKeyHttpServer/api.go:99.22,102.17 3 1
github.com/felipe88alves/sortKeyHttpServer/api.go:106.3,108.17 3 1
github.com/felipe88alves/sortKeyHttpServer/api.go:112.3,117.13 3 1
github.com/felipe88alves/sortKeyHttpServer/api.go:118.10,119.106 1 1
github.com/felipe88alves/sortKeyHttpServer/api.go:102.17,104.4 1 0
github.com/felipe88alves/sortKeyHttpServer/api.go:108.17,110.4 1 0
github.com/felipe88alves/sortKeyHttpServer/api.go:123.68,127.2 3 1
github.com/felipe88alves/sortKeyHttpServer/api.go:129.75,130.18 1 1
github.com/felipe88alves/sortKeyHttpServer/api.go:133.2,135.22 2 1
github.com/felipe88alves/sortKeyHttpServer/api.go:138.2,140.16 3 1
github.com/felipe88alves/sortKeyHttpServer/api.go:143.2,148.16 3 1
github.com/felipe88alves/sortKeyHttpServer/api.go:151.2,151.43 1 1
github.com/felipe88alves/sortKeyHttpServer/api.go:130.18,132.3 1 1
github.com/felipe88alves/sortKeyHttpServer/api.go:135.22,137.3 1 1
github.com/felipe88alves/sortKeyHttpServer/api.go:140.16,142.3 1 0
github.com/felipe88alves/sortKeyHttpServer/api.go:148.16,150.3 1 0
github.com/felipe88alves/sortKeyHttpServer/api.go:154.77,158.40 4 1
github.com/felipe88alves/sortKeyHttpServer/api.go:173.2,173.29 1 1
github.com/felipe88alves/sortKeyHttpServer/api.go:176.2,176.28 1 1
github.com/felipe88alves/sortKeyHttpServer/api.go:179.2,179.19 1 1
github.com/felipe88alves/sortKeyHttpServer/api.go:158.40,160.17 2 1
github.com/felipe88alves/sortKeyHttpServer/api.go:164.3,164.15 1 1
github.com/felipe88alves/sortKeyHttpServer/api.go:160.17,162.4 1 0
github.com/felipe88alves/sortKeyHttpServer/api.go:164.15,167.4 2 1
github.com/felipe88alves/sortKeyHttpServer/api.go:167.9,170.4 2 1
github.com/felipe88alves/sortKeyHttpServer/api.go:173.29,175.3 1 1
github.com/felipe88alves/sortKeyHttpServer/api.go:176.28,178.3 1 1
github.com/felipe88alves/sortKeyHttpServer/api.go:183.80,187.22 2 1
github.com/felipe88alves/sortKeyHttpServer/api.go:188.28,189.56 1 1
github.com/felipe88alves/sortKeyHttpServer/api.go:190.19,191.52 1 1
github.com/felipe88alves/sortKeyHttpServer/api.go:192.10,193.72 1 1
github.com/felipe88alves/sortKeyHttpServer/api.go:197.76,198.33 1 1
github.com/felipe88alves/sortKeyHttpServer/api.go:202.2,202.56 1 1
github.com/felipe88alves/sortKeyHttpServer/api.go:198.33,200.3 1 1
github.com/felipe88alves/sortKeyHttpServer/api.go:205.72,206.33 1 1
github.com/felipe88alves/sortKeyHttpServer/api.go:210.2,210.38 1 1
github.com/felipe88alves/sortKeyHttpServer/api.go:206.33,208.3 1 1
github.com/felipe88alves/sortKeyHttpServer/api.go:213.46,215.69 1 1
github.com/felipe88alves/sortKeyHttpServer/api.go:218.2,218.19 1 1
github.com/felipe88alves/sortKeyHttpServer/api.go:215.69,217.3 1 1
github.com/felipe88alves/sortKeyHttpServer/api.go:220.54,222.35 2 1
github.com/felipe88alves/sortKeyHttpServer/api.go:225.2,225.19 1 1
github.com/felipe88alves/sortKeyHttpServer/api.go:222.35,224.3 1 1
github.com/felipe88alves/sortKeyHttpServer/api.go:228.70,229.14 1 1
github.com/felipe88alves/sortKeyHttpServer/api.go:232.2,232.35 1 1
github.com/felipe88alves/sortKeyHttpServer/api.go:235.2,236.15 2 1
github.com/felipe88alves/sortKeyHttpServer/api.go:229.14,231.3 1 1
github.com/felipe88alves/sortKeyHttpServer/api.go:232.35,234.3 1 1
github.com/felipe88alves/sortKeyHttpServer/error.go:8.34,10.2 1 0
github.com/felipe88alves/sortKeyHttpServer/files.go:11.83,14.16 3 1
github.com/felipe88alves/sortKeyHttpServer/files.go:17.2,17.37 1 1
github.com/felipe88alves/sortKeyHttpServer/files.go:14.16,16.3 1 1
github.com/felipe88alves/sortKeyHttpServer/files.go:20.42,21.89 1 1
github.com/felipe88alves/sortKeyHttpServer/files.go:26.2,27.13 2 1
github.com/felipe88alves/sortKeyHttpServer/files.go:21.89,24.3 2 1
github.com/felipe88alves/sortKeyHttpServer/files.go:30.58,32.38 2 1
github.com/felipe88alves/sortKeyHttpServer/files.go:38.2,38.14 1 1
github.com/felipe88alves/sortKeyHttpServer/files.go:32.38,34.134 1 1
github.com/felipe88alves/sortKeyHttpServer/files.go:34.134,36.4 1 1
github.com/felipe88alves/sortKeyHttpServer/files.go:41.69,44.16 3 1
github.com/felipe88alves/sortKeyHttpServer/files.go:47.2,47.18 1 1
github.com/felipe88alves/sortKeyHttpServer/files.go:44.16,46.3 1 1
github.com/felipe88alves/sortKeyHttpServer/logging.go:13.46,17.2 1 1
github.com/felipe88alves/sortKeyHttpServer/logging.go:19.95,20.30 1 1
github.com/felipe88alves/sortKeyHttpServer/logging.go:27.2,27.37 1 1
github.com/felipe88alves/sortKeyHttpServer/logging.go:20.30,21.18 1 1
github.com/felipe88alves/sortKeyHttpServer/logging.go:21.18,23.4 1 1
github.com/felipe88alves/sortKeyHttpServer/logging.go:23.9,25.4 1 1
github.com/felipe88alves/sortKeyHttpServer/main.go:13.13,18.16 4 0
github.com/felipe88alves/sortKeyHttpServer/main.go:21.2,24.37 3 0
github.com/felipe88alves/sortKeyHttpServer/main.go:18.16,19.13 1 0
